# JRE version: OpenJDK Runtime Environment (8.0_222-b10) (build 1.8.0_222-8u222-b10-1ubuntu1~19.04.1-b10)
# Java VM: OpenJDK 64-Bit Server VM (25.222-b10 mixed mode linux-amd64 compressed oops)
Heap:
 PSYoungGen      total 450048K, used 136161K [0x00000000d6d00000, 0x0000000100000000, 0x0000000100000000)
  eden space 225280K, 0% used [0x00000000d6d00000,0x00000000d6d00000,0x00000000e4900000)
  from space 224768K, 60% used [0x00000000e4900000,0x00000000ecdf8738,0x00000000f2480000)
  to   space 224768K, 0% used [0x00000000f2480000,0x00000000f2480000,0x0000000100000000)
 ParOldGen       total 872448K, used 872211K [0x0000000084600000, 0x00000000b9a00000, 0x00000000d6d00000)
  object space 872448K, 99% used [0x0000000084600000,0x00000000b99c4cb8,0x00000000b9a00000)
 Metaspace       used 7331K, capacity 7528K, committed 7808K, reserved 1056768K
  class space    used 784K, capacity 822K, committed 896K, reserved 1048576K
GC Heap History (10 events):
Event: 55,582 GC heap after
Heap after GC invocations=16 (full 4):
 PSYoungGen      total 432128K, used 111936K [0x00000000d6d00000, 0x00000000fb880000, 0x0000000100000000)
  eden space 285696K, 0% used [0x00000000d6d00000,0x00000000d6d00000,0x00000000e8400000)
  from space 146432K, 76% used [0x00000000f1e00000,0x00000000f8b50000,0x00000000fad00000)
  to   space 157696K, 0% used [0x00000000e8400000,0x00000000e8400000,0x00000000f1e00000)
 ParOldGen       total 603648K, used 505487K [0x0000000084600000, 0x00000000a9380000, 0x00000000d6d00000)
  object space 603648K, 83% used [0x0000000084600000,0x00000000a33a3d38,0x00000000a9380000)
 Metaspace       used 7317K, capacity 7528K, committed 7808K, reserved 1056768K
  class space    used 782K, capacity 822K, committed 896K, reserved 1048576K
}
Event: 55,582 GC heap before
{Heap before GC invocations=17 (full 5):
 PSYoungGen      total 432128K, used 111936K [0x00000000d6d00000, 0x00000000fb880000, 0x0000000100000000)
  eden space 285696K, 0% used [0x00000000d6d00000,0x00000000d6d00000,0x00000000e8400000)
  from space 146432K, 76% used [0x00000000f1e00000,0x00000000f8b50000,0x00000000fad00000)
  to   space 157696K, 0% used [0x00000000e8400000,0x00000000e8400000,0x00000000f1e00000)
 ParOldGen       total 603648K, used 505487K [0x0000000084600000, 0x00000000a9380000, 0x00000000d6d00000)
  object space 603648K, 83% used [0x0000000084600000,0x00000000a33a3d38,0x00000000a9380000)
 Metaspace       used 7317K, capacity 7528K, committed 7808K, reserved 1056768K
  class space    used 782K, capacity 822K, committed 896K, reserved 1048576K
Event: 62,666 GC heap after
Heap after GC invocations=17 (full 5):
 PSYoungGen      total 432128K, used 13574K [0x00000000d6d00000, 0x00000000fb880000, 0x0000000100000000)
  eden space 285696K, 0% used [0x00000000d6d00000,0x00000000d6d00000,0x00000000e8400000)
  from space 146432K, 9% used [0x00000000f1e00000,0x00000000f2b41990,0x00000000fad00000)
  to   space 157696K, 0% used [0x00000000e8400000,0x00000000e8400000,0x00000000f1e00000)
 ParOldGen       total 839680K, used 603302K [0x0000000084600000, 0x00000000b7a00000, 0x00000000d6d00000)
  object space 839680K, 71% used [0x0000000084600000,0x00000000a9329b10,0x00000000b7a00000)
 Metaspace       used 7317K, capacity 7528K, committed 7808K, reserved 1056768K
  class space    used 782K, capacity 822K, committed 896K, reserved 1048576K
}
Event: 62,834 GC heap before
{Heap before GC invocations=18 (full 5):
 PSYoungGen      total 432128K, used 299270K [0x00000000d6d00000, 0x00000000fb880000, 0x0000000100000000)
  eden space 285696K, 100% used [0x00000000d6d00000,0x00000000e8400000,0x00000000e8400000)
  from space 146432K, 9% used [0x00000000f1e00000,0x00000000f2b41990,0x00000000fad00000)
  to   space 157696K, 0% used [0x00000000e8400000,0x00000000e8400000,0x00000000f1e00000)
 ParOldGen       total 839680K, used 603302K [0x0000000084600000, 0x00000000b7a00000, 0x00000000d6d00000)
  object space 839680K, 71% used [0x0000000084600000,0x00000000a9329b10,0x00000000b7a00000)
 Metaspace       used 7318K, capacity 7528K, committed 7808K, reserved 1056768K
  class space    used 782K, capacity 822K, committed 896K, reserved 1048576K
Event: 63,819 GC heap after
Heap after GC invocations=18 (full 5):
 PSYoungGen      total 443392K, used 156640K [0x00000000d6d00000, 0x0000000100000000, 0x0000000100000000)
  eden space 285696K, 0% used [0x00000000d6d00000,0x00000000d6d00000,0x00000000e8400000)
  from space 157696K, 99% used [0x00000000e8400000,0x00000000f1cf8000,0x00000000f1e00000)
  to   space 182272K, 0% used [0x00000000f4e00000,0x00000000f4e00000,0x0000000100000000)
 ParOldGen       total 839680K, used 603302K [0x0000000084600000, 0x00000000b7a00000, 0x00000000d6d00000)
  object space 839680K, 71% used [0x0000000084600000,0x00000000a9329b10,0x00000000b7a00000)
 Metaspace       used 7318K, capacity 7528K, committed 7808K, reserved 1056768K
  class space    used 782K, capacity 822K, committed 896K, reserved 1048576K
}
Event: 63,931 GC heap before
{Heap before GC invocations=19 (full 5):
 PSYoungGen      total 443392K, used 442336K [0x00000000d6d00000, 0x0000000100000000, 0x0000000100000000)
  eden space 285696K, 100% used [0x00000000d6d00000,0x00000000e8400000,0x00000000e8400000)
  from space 157696K, 99% used [0x00000000e8400000,0x00000000f1cf8000,0x00000000f1e00000)
  to   space 182272K, 0% used [0x00000000f4e00000,0x00000000f4e00000,0x0000000100000000)
 ParOldGen       total 839680K, used 603302K [0x0000000084600000, 0x00000000b7a00000, 0x00000000d6d00000)
  object space 839680K, 71% used [0x0000000084600000,0x00000000a9329b10,0x00000000b7a00000)
 Metaspace       used 7331K, capacity 7528K, committed 7808K, reserved 1056768K
  class space    used 784K, capacity 822K, committed 896K, reserved 1048576K
Event: 65,494 GC heap after
Heap after GC invocations=19 (full 5):
 PSYoungGen      total 407552K, used 182272K [0x00000000d6d00000, 0x0000000100000000, 0x0000000100000000)
  eden space 225280K, 0% used [0x00000000d6d00000,0x00000000d6d00000,0x00000000e4900000)
  from space 182272K, 100% used [0x00000000f4e00000,0x0000000100000000,0x0000000100000000)
  to   space 224768K, 0% used [0x00000000e4900000,0x00000000e4900000,0x00000000f2480000)
 ParOldGen       total 839680K, used 715222K [0x0000000084600000, 0x00000000b7a00000, 0x00000000d6d00000)
  object space 839680K, 85% used [0x0000000084600000,0x00000000b0075b10,0x00000000b7a00000)
 Metaspace       used 7331K, capacity 7528K, committed 7808K, reserved 1056768K
  class space    used 784K, capacity 822K, committed 896K, reserved 1048576K
}
Event: 65,613 GC heap before
{Heap before GC invocations=20 (full 5):
 PSYoungGen      total 407552K, used 407552K [0x00000000d6d00000, 0x0000000100000000, 0x0000000100000000)
  eden space 225280K, 100% used [0x00000000d6d00000,0x00000000e4900000,0x00000000e4900000)
  from space 182272K, 100% used [0x00000000f4e00000,0x0000000100000000,0x0000000100000000)
  to   space 224768K, 0% used [0x00000000e4900000,0x00000000e4900000,0x00000000f2480000)
 ParOldGen       total 839680K, used 715222K [0x0000000084600000, 0x00000000b7a00000, 0x00000000d6d00000)
  object space 839680K, 85% used [0x0000000084600000,0x00000000b0075b10,0x00000000b7a00000)
 Metaspace       used 7331K, capacity 7528K, committed 7808K, reserved 1056768K
  class space    used 784K, capacity 822K, committed 896K, reserved 1048576K
Event: 69,596 GC heap after
Heap after GC invocations=20 (full 5):
 PSYoungGen      total 450048K, used 137408K [0x00000000d6d00000, 0x0000000100000000, 0x0000000100000000)
  eden space 225280K, 0% used [0x00000000d6d00000,0x00000000d6d00000,0x00000000e4900000)
  from space 224768K, 61% used [0x00000000e4900000,0x00000000ecf30000,0x00000000f2480000)
  to   space 224768K, 0% used [0x00000000f2480000,0x00000000f2480000,0x0000000100000000)
 ParOldGen       total 872448K, used 872270K [0x0000000084600000, 0x00000000b9a00000, 0x00000000d6d00000)
  object space 872448K, 99% used [0x0000000084600000,0x00000000b99d3b10,0x00000000b9a00000)
 Metaspace       used 7331K, capacity 7528K, committed 7808K, reserved 1056768K
  class space    used 784K, capacity 822K, committed 896K, reserved 1048576K
}
Event: 69,872 GC heap before
{Heap before GC invocations=21 (full 6):
 PSYoungGen      total 450048K, used 137408K [0x00000000d6d00000, 0x0000000100000000, 0x0000000100000000)
  eden space 225280K, 0% used [0x00000000d6d00000,0x00000000d6d00000,0x00000000e4900000)
  from space 224768K, 61% used [0x00000000e4900000,0x00000000ecf30000,0x00000000f2480000)
  to   space 224768K, 0% used [0x00000000f2480000,0x00000000f2480000,0x0000000100000000)
 ParOldGen       total 872448K, used 872270K [0x0000000084600000, 0x00000000b9a00000, 0x00000000d6d00000)
  object space 872448K, 99% used [0x0000000084600000,0x00000000b99d3b10,0x00000000b9a00000)
 Metaspace       used 7331K, capacity 7528K, committed 7808K, reserved 1056768K
  class space    used 784K, capacity 822K, committed 896K, reserved 1048576K

