# JRE version: OpenJDK Runtime Environment (8.0_222-b10) (build 1.8.0_222-8u222-b10-1ubuntu1~19.04.1-b10)
# Java VM: OpenJDK 64-Bit Server VM (25.222-b10 mixed mode linux-amd64 compressed oops)
Heap:
 PSYoungGen      total 338432K, used 134656K [0x00000000d6d00000, 0x00000000f3f00000, 0x0000000100000000)
  eden space 203776K, 0% used [0x00000000d6d00000,0x00000000d6d00000,0x00000000e3400000)
  from space 134656K, 100% used [0x00000000e3400000,0x00000000eb780000,0x00000000eb780000)
  to   space 117248K, 0% used [0x00000000eb780000,0x00000000eb780000,0x00000000f2a00000)
 ParOldGen       total 421376K, used 352944K [0x0000000084600000, 0x000000009e180000, 0x00000000d6d00000)
  object space 421376K, 83% used [0x0000000084600000,0x0000000099eac398,0x000000009e180000)
 Metaspace       used 7338K, capacity 7528K, committed 7808K, reserved 1056768K
  class space    used 781K, capacity 822K, committed 896K, reserved 1048576K
GC Heap History (10 events):
Event: 17,462 GC heap after
Heap after GC invocations=9 (full 2):
 PSYoungGen      total 155648K, used 5115K [0x00000000d6d00000, 0x00000000e9c80000, 0x0000000100000000)
  eden space 112640K, 0% used [0x00000000d6d00000,0x00000000d6d00000,0x00000000ddb00000)
  from space 43008K, 11% used [0x00000000ddb00000,0x00000000ddffec00,0x00000000e0500000)
  to   space 70656K, 0% used [0x00000000e5780000,0x00000000e5780000,0x00000000e9c80000)
 ParOldGen       total 273920K, used 162544K [0x0000000084600000, 0x0000000095180000, 0x00000000d6d00000)
  object space 273920K, 59% used [0x0000000084600000,0x000000008e4bc0d8,0x0000000095180000)
 Metaspace       used 7338K, capacity 7528K, committed 7808K, reserved 1056768K
  class space    used 781K, capacity 822K, committed 896K, reserved 1048576K
}
Event: 17,531 GC heap before
{Heap before GC invocations=10 (full 2):
 PSYoungGen      total 155648K, used 117755K [0x00000000d6d00000, 0x00000000e9c80000, 0x0000000100000000)
  eden space 112640K, 100% used [0x00000000d6d00000,0x00000000ddb00000,0x00000000ddb00000)
  from space 43008K, 11% used [0x00000000ddb00000,0x00000000ddffec00,0x00000000e0500000)
  to   space 70656K, 0% used [0x00000000e5780000,0x00000000e5780000,0x00000000e9c80000)
 ParOldGen       total 273920K, used 162544K [0x0000000084600000, 0x0000000095180000, 0x00000000d6d00000)
  object space 273920K, 59% used [0x0000000084600000,0x000000008e4bc0d8,0x0000000095180000)
 Metaspace       used 7338K, capacity 7528K, committed 7808K, reserved 1056768K
  class space    used 781K, capacity 822K, committed 896K, reserved 1048576K
Event: 18,010 GC heap after
Heap after GC invocations=10 (full 2):
 PSYoungGen      total 231936K, used 61568K [0x00000000d6d00000, 0x00000000eab00000, 0x0000000100000000)
  eden space 161280K, 0% used [0x00000000d6d00000,0x00000000d6d00000,0x00000000e0a80000)
  from space 70656K, 87% used [0x00000000e5780000,0x00000000e93a0000,0x00000000e9c80000)
  to   space 78848K, 0% used [0x00000000e0a80000,0x00000000e0a80000,0x00000000e5780000)
 ParOldGen       total 273920K, used 162544K [0x0000000084600000, 0x0000000095180000, 0x00000000d6d00000)
  object space 273920K, 59% used [0x0000000084600000,0x000000008e4bc0d8,0x0000000095180000)
 Metaspace       used 7338K, capacity 7528K, committed 7808K, reserved 1056768K
  class space    used 781K, capacity 822K, committed 896K, reserved 1048576K
}
Event: 18,081 GC heap before
{Heap before GC invocations=11 (full 2):
 PSYoungGen      total 231936K, used 222848K [0x00000000d6d00000, 0x00000000eab00000, 0x0000000100000000)
  eden space 161280K, 100% used [0x00000000d6d00000,0x00000000e0a80000,0x00000000e0a80000)
  from space 70656K, 87% used [0x00000000e5780000,0x00000000e93a0000,0x00000000e9c80000)
  to   space 78848K, 0% used [0x00000000e0a80000,0x00000000e0a80000,0x00000000e5780000)
 ParOldGen       total 273920K, used 162544K [0x0000000084600000, 0x0000000095180000, 0x00000000d6d00000)
  object space 273920K, 59% used [0x0000000084600000,0x000000008e4bc0d8,0x0000000095180000)
 Metaspace       used 7338K, capacity 7528K, committed 7808K, reserved 1056768K
  class space    used 781K, capacity 822K, committed 896K, reserved 1048576K
Event: 29,453 GC heap after
Heap after GC invocations=11 (full 2):
 PSYoungGen      total 240128K, used 78848K [0x00000000d6d00000, 0x00000000f2a00000, 0x0000000100000000)
  eden space 161280K, 0% used [0x00000000d6d00000,0x00000000d6d00000,0x00000000e0a80000)
  from space 78848K, 100% used [0x00000000e0a80000,0x00000000e5780000,0x00000000e5780000)
  to   space 117248K, 0% used [0x00000000eb780000,0x00000000eb780000,0x00000000f2a00000)
 ParOldGen       total 273920K, used 226112K [0x0000000084600000, 0x0000000095180000, 0x00000000d6d00000)
  object space 273920K, 82% used [0x0000000084600000,0x00000000922d00d8,0x0000000095180000)
 Metaspace       used 7338K, capacity 7528K, committed 7808K, reserved 1056768K
  class space    used 781K, capacity 822K, committed 896K, reserved 1048576K
}
Event: 29,453 GC heap before
{Heap before GC invocations=12 (full 3):
 PSYoungGen      total 240128K, used 78848K [0x00000000d6d00000, 0x00000000f2a00000, 0x0000000100000000)
  eden space 161280K, 0% used [0x00000000d6d00000,0x00000000d6d00000,0x00000000e0a80000)
  from space 78848K, 100% used [0x00000000e0a80000,0x00000000e5780000,0x00000000e5780000)
  to   space 117248K, 0% used [0x00000000eb780000,0x00000000eb780000,0x00000000f2a00000)
 ParOldGen       total 273920K, used 226112K [0x0000000084600000, 0x0000000095180000, 0x00000000d6d00000)
  object space 273920K, 82% used [0x0000000084600000,0x00000000922d00d8,0x0000000095180000)
 Metaspace       used 7338K, capacity 7528K, committed 7808K, reserved 1056768K
  class space    used 781K, capacity 822K, committed 896K, reserved 1048576K
Event: 39,678 GC heap after
Heap after GC invocations=12 (full 3):
 PSYoungGen      total 240128K, used 31201K [0x00000000d6d00000, 0x00000000f2a00000, 0x0000000100000000)
  eden space 161280K, 0% used [0x00000000d6d00000,0x00000000d6d00000,0x00000000e0a80000)
  from space 78848K, 39% used [0x00000000e0a80000,0x00000000e28f8600,0x00000000e5780000)
  to   space 117248K, 0% used [0x00000000eb780000,0x00000000eb780000,0x00000000f2a00000)
 ParOldGen       total 421376K, used 273416K [0x0000000084600000, 0x000000009e180000, 0x00000000d6d00000)
  object space 421376K, 64% used [0x0000000084600000,0x0000000095102398,0x000000009e180000)
 Metaspace       used 7338K, capacity 7528K, committed 7808K, reserved 1056768K
  class space    used 781K, capacity 822K, committed 896K, reserved 1048576K
}
Event: 40,114 GC heap before
{Heap before GC invocations=13 (full 3):
 PSYoungGen      total 240128K, used 192481K [0x00000000d6d00000, 0x00000000f2a00000, 0x0000000100000000)
  eden space 161280K, 100% used [0x00000000d6d00000,0x00000000e0a80000,0x00000000e0a80000)
  from space 78848K, 39% used [0x00000000e0a80000,0x00000000e28f8600,0x00000000e5780000)
  to   space 117248K, 0% used [0x00000000eb780000,0x00000000eb780000,0x00000000f2a00000)
 ParOldGen       total 421376K, used 273416K [0x0000000084600000, 0x000000009e180000, 0x00000000d6d00000)
  object space 421376K, 64% used [0x0000000084600000,0x0000000095102398,0x000000009e180000)
 Metaspace       used 7338K, capacity 7528K, committed 7808K, reserved 1056768K
  class space    used 781K, capacity 822K, committed 896K, reserved 1048576K
Event: 43,048 GC heap after
Heap after GC invocations=13 (full 3):
 PSYoungGen      total 321024K, used 112032K [0x00000000d6d00000, 0x00000000f3f00000, 0x0000000100000000)
  eden space 203776K, 0% used [0x00000000d6d00000,0x00000000d6d00000,0x00000000e3400000)
  from space 117248K, 95% used [0x00000000eb780000,0x00000000f24e8000,0x00000000f2a00000)
  to   space 134656K, 0% used [0x00000000e3400000,0x00000000e3400000,0x00000000eb780000)
 ParOldGen       total 421376K, used 273416K [0x0000000084600000, 0x000000009e180000, 0x00000000d6d00000)
  object space 421376K, 64% used [0x0000000084600000,0x0000000095102398,0x000000009e180000)
 Metaspace       used 7338K, capacity 7528K, committed 7808K, reserved 1056768K
  class space    used 781K, capacity 822K, committed 896K, reserved 1048576K
}
Event: 43,555 GC heap before
{Heap before GC invocations=14 (full 3):
 PSYoungGen      total 321024K, used 315808K [0x00000000d6d00000, 0x00000000f3f00000, 0x0000000100000000)
  eden space 203776K, 100% used [0x00000000d6d00000,0x00000000e3400000,0x00000000e3400000)
  from space 117248K, 95% used [0x00000000eb780000,0x00000000f24e8000,0x00000000f2a00000)
  to   space 134656K, 0% used [0x00000000e3400000,0x00000000e3400000,0x00000000eb780000)
 ParOldGen       total 421376K, used 273416K [0x0000000084600000, 0x000000009e180000, 0x00000000d6d00000)
  object space 421376K, 64% used [0x0000000084600000,0x0000000095102398,0x000000009e180000)
 Metaspace       used 7338K, capacity 7528K, committed 7808K, reserved 1056768K
  class space    used 781K, capacity 822K, committed 896K, reserved 1048576K

